Build started 12/9/2015 7:02:16 PM.
     1>Project "c:\Users\Lucas\documents\visual studio 2015\Projects\KNN_Test\KNN_Test\KNN_Test.vcxproj" on node 2 (Build target(s)).
     1>ClCompile:
         C:\Program Files (x86)\Microsoft Visual Studio 14.0\VC\bin\CL.exe /c /Ic:\opencv\build\x64\vc12\..\..\include /ZI /nologo /W3 /WX- /sdl /Od /Oy- /D WIN32 /D _DEBUG /D _CONSOLE /D _UNICODE /D UNICODE /Gm /EHsc /RTC1 /MDd /GS /fp:precise /Zc:wchar_t /Zc:forScope /Zc:inline /Fo"Debug\\" /Fd"Debug\vc140.pdb" /Gd /TP /analyze- /errorReport:prompt KNN_tester.cpp
         KNN_tester.cpp
     1>c:\users\lucas\documents\visual studio 2015\projects\knn_test\knn_test\knn_tester.cpp(73): error C2039: 'KNearest': is not a member of 'cv'
         c:\opencv\build\include\opencv2\ml.hpp(71): note: see declaration of 'cv'
     1>c:\users\lucas\documents\visual studio 2015\projects\knn_test\knn_test\knn_tester.cpp(73): error C2065: 'KNearest': undeclared identifier
     1>c:\users\lucas\documents\visual studio 2015\projects\knn_test\knn_test\knn_tester.cpp(73): error C2146: syntax error: missing ';' before identifier 'kNearest'
     1>c:\users\lucas\documents\visual studio 2015\projects\knn_test\knn_test\knn_tester.cpp(73): error C2065: 'kNearest': undeclared identifier
         c:\opencv\build\include\opencv2\ml.hpp(71): note: see declaration of 'cv'
     1>c:\users\lucas\documents\visual studio 2015\projects\knn_test\knn_test\knn_tester.cpp(73): error C3861: 'KNearest': identifier not found
     1>c:\users\lucas\documents\visual studio 2015\projects\knn_test\knn_test\knn_tester.cpp(76): error C2065: 'kNearest': undeclared identifier
     1>c:\users\lucas\documents\visual studio 2015\projects\knn_test\knn_test\knn_tester.cpp(76): error C2228: left of '.train' must have class/struct/union
         c:\users\lucas\documents\visual studio 2015\projects\knn_test\knn_test\knn_tester.cpp(76): note: type is 'unknown-type'
     1>c:\users\lucas\documents\visual studio 2015\projects\knn_test\knn_test\knn_tester.cpp(121): warning C4018: '<': signed/unsigned mismatch
     1>c:\users\lucas\documents\visual studio 2015\projects\knn_test\knn_test\knn_tester.cpp(125): warning C4244: '=': conversion from 'double' to 'float', possible loss of data
     1>c:\users\lucas\documents\visual studio 2015\projects\knn_test\knn_test\knn_tester.cpp(129): warning C4018: '<': signed/unsigned mismatch
     1>c:\users\lucas\documents\visual studio 2015\projects\knn_test\knn_test\knn_tester.cpp(139): warning C4018: '<': signed/unsigned mismatch
     1>c:\users\lucas\documents\visual studio 2015\projects\knn_test\knn_test\knn_tester.cpp(156): error C2065: 'kNearest': undeclared identifier
     1>c:\users\lucas\documents\visual studio 2015\projects\knn_test\knn_test\knn_tester.cpp(156): error C2228: left of '.find_nearest' must have class/struct/union
         c:\users\lucas\documents\visual studio 2015\projects\knn_test\knn_test\knn_tester.cpp(156): note: type is 'unknown-type'
     1>Done Building Project "c:\Users\Lucas\documents\visual studio 2015\Projects\KNN_Test\KNN_Test\KNN_Test.vcxproj" (Build target(s)) -- FAILED.

Build FAILED.

Time Elapsed 00:00:00.66
